<?xml version="1.0" encoding="UTF-8"?>
<!-- Generated by org.testng.reporters.JUnitReportReporter -->
<testsuite hostname="Aleksandar-PC" failures="0" tests="1" name="iwecAleksandarHomeworkNo6.dynamicTable" time="23.766" errors="0" timestamp="2022-12-07T21:17:09 CET" skipped="0">
  <testcase classname="iwecAleksandarHomeworkNo6.dynamicTable" name="dynamicTableUi" time="23.766"/>
  <system-out/>
</testsuite> <!-- iwecAleksandarHomeworkNo6.dynamicTable -->
