<?xml version="1.0" encoding="UTF-8"?>
<!-- Generated by org.testng.reporters.JUnitReportReporter -->
<testsuite hostname="Aleksandar-PC" failures="0" tests="1" name="testSuite.PlpPomTestScripts" time="94.462" errors="0" timestamp="2022-12-17T12:57:20 CET" skipped="0">
  <testcase classname="testSuite.PlpPomTestScripts" name="TC_PRODUCT_016_CheckIfBreadcrumbsMenuNavigateToCorespondingPage" time="94.462"/>
  <system-out/>
</testsuite> <!-- testSuite.PlpPomTestScripts -->
