<?xml version="1.0" encoding="UTF-8"?>
<!-- Generated by org.testng.reporters.JUnitReportReporter -->
<testsuite hostname="Aleksandar-PC" failures="0" tests="1" name="homeWorkAleksandar3.HeadlessBrowser" time="45.485" errors="0" timestamp="2022-11-27T21:48:09 CET" skipped="0">
  <testcase classname="homeWorkAleksandar3.HeadlessBrowser" name="headlessBrowserFirstTry" time="45.485"/>
  <system-out/>
</testsuite> <!-- homeWorkAleksandar3.HeadlessBrowser -->
