<?xml version="1.0" encoding="UTF-8"?>
<!-- Generated by org.testng.reporters.JUnitReportReporter -->
<testsuite hostname="GJORGIJOVSKI-A" failures="0" tests="1" name="testSuiteServiceDesk.LoginPomTestScriptsSD" time="5.468" errors="0" timestamp="2023-06-15T16:12:43 CEST" skipped="0">
  <testcase classname="testSuiteServiceDesk.LoginPomTestScriptsSD" name="TC_LOGIN_001_SuccessfulLogin" time="5.468"/>
  <system-out/>
</testsuite> <!-- testSuiteServiceDesk.LoginPomTestScriptsSD -->
