<?xml version="1.0" encoding="UTF-8"?>
<!-- Generated by org.testng.reporters.JUnitReportReporter -->
<testsuite hostname="Aleksandar-PC" failures="0" tests="1" name="homeWorkAleksandar3.AdvancedXpath" time="38.243" errors="0" timestamp="2022-11-27T19:53:27 CET" skipped="0">
  <testcase classname="homeWorkAleksandar3.AdvancedXpath" name="xpathDeleteBtn" time="38.243"/>
  <system-out/>
</testsuite> <!-- homeWorkAleksandar3.AdvancedXpath -->
