<?xml version="1.0" encoding="UTF-8"?>
<!-- Generated by org.testng.reporters.JUnitReportReporter -->
<testsuite hostname="DESKTOP-J6CSB15" failures="0" tests="1" name="testSuite.PdpPomTestScripts" time="24.682" errors="0" timestamp="2023-01-08T22:07:22 CET" skipped="0">
  <testcase classname="testSuite.PdpPomTestScripts" name="VerifyRentalItemCalendarSendKeys" time="24.682"/>
  <system-out/>
</testsuite> <!-- testSuite.PdpPomTestScripts -->
