<?xml version="1.0" encoding="UTF-8"?>
<!-- Generated by org.testng.reporters.JUnitReportReporter -->
<testsuite hostname="Aleksandar-PC" failures="0" tests="1" name="testWithPOM.testLoginPOM" time="17.574" errors="0" timestamp="2022-11-24T17:17:38 CET" skipped="0">
  <testcase classname="testWithPOM.testLoginPOM" name="verifyValidLogin" time="17.574"/>
  <system-out/>
</testsuite> <!-- testWithPOM.testLoginPOM -->
