<?xml version="1.0" encoding="UTF-8"?>
<!-- Generated by org.testng.reporters.JUnitReportReporter -->
<testsuite hostname="Aleksandar-PC" failures="0" tests="1" name="testSuite.CheckoutPagePomTestScripts" time="29.180" errors="0" timestamp="2022-12-17T16:44:07 CET" skipped="0">
  <testcase classname="testSuite.CheckoutPagePomTestScripts" name="VerifyInvalidCheckoutWithBlankPaymentInformation" time="29.180"/>
  <system-out/>
</testsuite> <!-- testSuite.CheckoutPagePomTestScripts -->
