<?xml version="1.0" encoding="UTF-8"?>
<!-- Generated by org.testng.reporters.JUnitReportReporter -->
<testsuite hostname="DESKTOP-J6CSB15" failures="0" tests="1" name="testSuite.LoginPomTestScripts" time="14.658" errors="0" timestamp="2022-12-30T13:35:48 CET" skipped="0">
  <testcase classname="testSuite.LoginPomTestScripts" name="TC_LOGIN_003_ValidEmailAndInvalidPassword" time="14.658"/>
  <system-out/>
</testsuite> <!-- testSuite.LoginPomTestScripts -->
