<?xml version="1.0" encoding="UTF-8"?>
<!-- Generated by org.testng.reporters.JUnitReportReporter -->
<testsuite hostname="Elenas-MacBook-Air.local" failures="0" tests="1" name="testSuite.ShoppingTestScripts" time="8.721" errors="0" timestamp="2023-01-09T00:16:54 CET" skipped="0">
  <testcase classname="testSuite.ShoppingTestScripts" name="VerifyNegativeQuantity" time="8.721"/>
  <system-out/>
</testsuite> <!-- testSuite.ShoppingTestScripts -->
