<?xml version="1.0" encoding="UTF-8"?>
<!-- Generated by org.testng.reporters.JUnitReportReporter -->
<testsuite hostname="GJORGIJOVSKI-A" failures="0" tests="1" name="testSuite.ShoppingTestScripts" time="11.923" errors="0" timestamp="2023-05-26T14:39:04 CEST" skipped="0">
  <testcase classname="testSuite.ShoppingTestScripts" name="VerifyAddingProductInShoppingCartWithValidUser" time="11.923"/>
  <system-out/>
</testsuite> <!-- testSuite.ShoppingTestScripts -->
