<?xml version="1.0" encoding="UTF-8"?>
<!-- Generated by org.testng.reporters.JUnitReportReporter -->
<testsuite hostname="Aleksandar-PC" failures="0" tests="1" name="testSuite.SearchPagePomTestScripts" time="37.011" errors="0" timestamp="2022-12-05T16:29:58 CET" skipped="0">
  <testcase classname="testSuite.SearchPagePomTestScripts" name="TC_SEARCH_001_CaseInsensitive" time="37.011"/>
  <system-out/>
</testsuite> <!-- testSuite.SearchPagePomTestScripts -->
