<?xml version="1.0" encoding="UTF-8"?>
<!-- Generated by org.testng.reporters.JUnitReportReporter -->
<testsuite hostname="Aleksandar-PC" failures="0" tests="1" name="homeWorkAleksandar3.PDP" time="65.053" errors="0" timestamp="2022-11-27T21:45:00 CET" skipped="0">
  <testcase classname="homeWorkAleksandar3.PDP" name="PdpHelpfulnessQuest" time="65.053"/>
  <system-out/>
</testsuite> <!-- homeWorkAleksandar3.PDP -->
