<?xml version="1.0" encoding="UTF-8"?>
<!-- Generated by org.testng.reporters.JUnitReportReporter -->
<testsuite hostname="DESKTOP-J6CSB15" failures="0" tests="1" name="testSuite.RegisterPomTestScripts" time="19.001" errors="0" timestamp="2023-01-08T22:15:04 CET" skipped="0">
  <testcase classname="testSuite.RegisterPomTestScripts" name="TC_REGISTER_004_RegisterNewUserWithExistingEmail" time="19.001"/>
  <system-out/>
</testsuite> <!-- testSuite.RegisterPomTestScripts -->
