<?xml version="1.0" encoding="UTF-8"?>
<!-- Generated by org.testng.reporters.JUnitReportReporter -->
<testsuite hostname="Aleksandar-PC" failures="0" tests="1" name="iwecAleksandarHomeworkNo5.WaitsTests" time="74.073" errors="0" timestamp="2022-12-04T15:18:01 CET" skipped="0">
  <testcase classname="iwecAleksandarHomeworkNo5.WaitsTests" name="ajaxData" time="74.073"/>
  <system-out/>
</testsuite> <!-- iwecAleksandarHomeworkNo5.WaitsTests -->
