<?xml version="1.0" encoding="UTF-8"?>
<!-- Generated by org.testng.reporters.JUnitReportReporter -->
<testsuite hostname="GJORGIJOVSKI-A" failures="0" tests="1" name="testSuite.LoginPageTestScripts" time="2.315" errors="0" timestamp="2023-06-09T10:48:38 CEST" skipped="0">
  <testcase classname="testSuite.LoginPageTestScripts" name="TC_LOGIN_001_NavigateToLoginPage" time="2.315"/>
  <system-out/>
</testsuite> <!-- testSuite.LoginPageTestScripts -->
