<?xml version="1.0" encoding="UTF-8"?>
<!-- Generated by org.testng.reporters.JUnitReportReporter -->
<testsuite hostname="GJORGIJOVSKI-A" failures="0" tests="1" name="testSuiteServiceDesk.CertificateTestScriptsSD" time="35.683" errors="0" timestamp="2023-06-17T14:43:56 CEST" skipped="0">
  <testcase classname="testSuiteServiceDesk.CertificateTestScriptsSD" name="SD_C_002_ValidExpenseRequestabove500" time="35.683"/>
  <system-out/>
</testsuite> <!-- testSuiteServiceDesk.CertificateTestScriptsSD -->
