<?xml version="1.0" encoding="UTF-8"?>
<!-- Generated by org.testng.reporters.JUnitReportReporter -->
<testsuite hostname="GJORGIJOVSKI-A" failures="0" tests="1" name="testSuiteServiceDesk.TeamBuildingTestSuitesSD" time="31.306" errors="0" timestamp="2023-06-17T16:09:37 CEST" skipped="0">
  <testcase classname="testSuiteServiceDesk.TeamBuildingTestSuitesSD" name="SD_T_001_ValidRequestTeamBuilding" time="31.306"/>
  <system-out/>
</testsuite> <!-- testSuiteServiceDesk.TeamBuildingTestSuitesSD -->
