<?xml version="1.0" encoding="UTF-8"?>
<!-- Generated by org.testng.reporters.JUnitReportReporter -->
<testsuite hostname="Aleksandar-PC" failures="0" tests="1" name="testSuite.ShoppingTestScripts" time="44.582" errors="0" timestamp="2022-12-17T17:25:31 CET" skipped="0">
  <testcase classname="testSuite.ShoppingTestScripts" name="verifyTermsOfServiceLink" time="44.582"/>
  <system-out/>
</testsuite> <!-- testSuite.ShoppingTestScripts -->
