<?xml version="1.0" encoding="UTF-8"?>
<!-- Generated by org.testng.reporters.JUnitReportReporter -->
<testsuite hostname="DESKTOP-J6CSB15" failures="0" tests="1" name="testSuite.SearchPagePomTestScripts" time="21.308" errors="0" timestamp="2023-01-08T16:02:53 CET" skipped="0">
  <testcase classname="testSuite.SearchPagePomTestScripts" name="searchMissingElement" time="21.308"/>
  <system-out/>
</testsuite> <!-- testSuite.SearchPagePomTestScripts -->
