<?xml version="1.0" encoding="UTF-8"?>
<!-- Generated by org.testng.reporters.JUnitReportReporter -->
<testsuite hostname="GJORGIJOVSKI-A" failures="0" tests="1" name="testSuiteServiceDesk.EventTestScriptsSD" time="29.533" errors="0" timestamp="2023-06-17T13:11:40 CEST" skipped="0">
  <testcase classname="testSuiteServiceDesk.EventTestScriptsSD" name="SD_E_001_ValidEventRequest" time="29.533"/>
  <system-out/>
</testsuite> <!-- testSuiteServiceDesk.EventTestScriptsSD -->
