<?xml version="1.0" encoding="UTF-8"?>
<!-- Generated by org.testng.reporters.JUnitReportReporter -->
<testsuite hostname="Aleksandar-PC" failures="0" tests="4" name="testSuite.PlpPomTestScripts" time="94.624" errors="0" timestamp="2022-12-14T14:44:59 CET" skipped="0">
  <testcase classname="testSuite.PlpPomTestScripts" name="TC_PRODUCT_002_VerifyFilterOptionIsWorking" time="19.615"/>
  <system-out/>
  <testcase classname="testSuite.PlpPomTestScripts" name="TC_PRODUCT_002_VerifyFilterOptionIsWorkingForEachLoop" time="19.106"/>
  <system-out/>
  <testcase classname="testSuite.PlpPomTestScripts" name="TC_PRODUCT_016_CheckIfBreadcrumbsMenuNavigateToCorespondingPage" time="33.768"/>
  <system-out/>
  <testcase classname="testSuite.PlpPomTestScripts" name="TC_PRODUCT_011_VerifyClearListOnComperasonPage" time="22.135"/>
  <system-out/>
</testsuite> <!-- testSuite.PlpPomTestScripts -->
