<?xml version="1.0" encoding="UTF-8"?>
<!-- Generated by org.testng.reporters.JUnitReportReporter -->
<testsuite hostname="Aleksandar-PC" failures="0" tests="1" name="testSuite.CheckoutPagePomTestScripts" time="58.163" errors="0" timestamp="2022-12-14T15:45:40 CET" skipped="0">
  <testcase classname="testSuite.CheckoutPagePomTestScripts" name="TC_CHECKOUT_011_ReturningCustomerDifferentBillingAndShippingAddress" time="58.163"/>
  <system-out/>
</testsuite> <!-- testSuite.CheckoutPagePomTestScripts -->
