<?xml version="1.0" encoding="UTF-8"?>
<!-- Generated by org.testng.reporters.JUnitReportReporter -->
<testsuite hostname="Aleksandar-PC" failures="0" tests="1" name="homeWorkAleksandar2.Search" time="27.275" errors="0" timestamp="2022-11-25T19:23:28 CET" skipped="0">
  <testcase classname="homeWorkAleksandar2.Search" name="searchNikeProductsForLoop" time="27.275"/>
  <system-out/>
</testsuite> <!-- homeWorkAleksandar2.Search -->
