<?xml version="1.0" encoding="UTF-8"?>
<!-- Generated by org.testng.reporters.JUnitReportReporter -->
<testsuite hostname="GJORGIJOVSKI-A" failures="0" tests="1" name="testSuiteServiceDesk.WorkFromOtherOfficeTestScriptsSD" time="29.791" errors="0" timestamp="2023-06-17T11:53:24 CEST" skipped="0">
  <testcase classname="testSuiteServiceDesk.WorkFromOtherOfficeTestScriptsSD" name="SD_W_002_WorkFromOtherOfficePage" time="29.791"/>
  <system-out/>
</testsuite> <!-- testSuiteServiceDesk.WorkFromOtherOfficeTestScriptsSD -->
