<?xml version="1.0" encoding="UTF-8"?>
<!-- Generated by org.testng.reporters.JUnitReportReporter -->
<testsuite hostname="GJORGIJOVSKI-A" failures="0" tests="1" name="testSuite.PlpPomTestScripts" time="10.819" errors="0" timestamp="2023-06-09T10:16:31 CEST" skipped="0">
  <testcase classname="testSuite.PlpPomTestScripts" name="TC_PRODUCT_016_CheckIfBreadcrumbsMenuNavigateToCorespondingPage" time="10.819"/>
  <system-out/>
</testsuite> <!-- testSuite.PlpPomTestScripts -->
