<?xml version="1.0" encoding="UTF-8"?>
<!-- Generated by org.testng.reporters.JUnitReportReporter -->
<testsuite hostname="DESKTOP-J6CSB15" failures="0" tests="1" name="testSuite.PlpPomTestScripts" time="14.079" errors="0" timestamp="2023-01-09T13:13:10 CET" skipped="0">
  <testcase classname="testSuite.PlpPomTestScripts" name="VerifyListViewMode" time="14.079"/>
  <system-out/>
</testsuite> <!-- testSuite.PlpPomTestScripts -->
