<?xml version="1.0" encoding="UTF-8"?>
<!-- Generated by org.testng.reporters.JUnitReportReporter -->
<testsuite hostname="Aleksandar-PC" failures="0" tests="2" name="testSuite.ShoppingTestScripts" time="53.499" errors="0" timestamp="2022-12-14T14:47:06 CET" skipped="0">
  <testcase classname="testSuite.ShoppingTestScripts" name="TC_CART_022_CheckIfThePriceChangesAccordingTheDiscount" time="26.219"/>
  <system-out/>
  <testcase classname="testSuite.ShoppingTestScripts" name="TC_CART_022_CheckIfThePriceChangesAccordingTheDiscountSimplified" time="27.280"/>
  <system-out/>
</testsuite> <!-- testSuite.ShoppingTestScripts -->
