<?xml version="1.0" encoding="UTF-8"?>
<!-- Generated by org.testng.reporters.JUnitReportReporter -->
<testsuite hostname="Aleksandar-PC" failures="0" tests="1" name="homeWorkAleksandar3.SearchValidation" time="10.931" errors="0" timestamp="2022-11-25T20:18:36 CET" skipped="0">
  <testcase classname="homeWorkAleksandar3.SearchValidation" name="Exercise" time="10.931"/>
  <system-out/>
</testsuite> <!-- homeWorkAleksandar3.SearchValidation -->
