<?xml version="1.0" encoding="UTF-8"?>
<!-- Generated by org.testng.reporters.JUnitReportReporter -->
<testsuite hostname="Aleksandar-PC" failures="0" tests="1" name="testSuite.WishlistPomTestScripts" time="51.406" errors="0" timestamp="2022-12-14T14:03:57 CET" skipped="0">
  <testcase classname="testSuite.WishlistPomTestScripts" name="TC_WISHLIST_003_1_AddItemsToCartFromWishlistWihtLevis" time="51.406"/>
  <system-out/>
</testsuite> <!-- testSuite.WishlistPomTestScripts -->
