<?xml version="1.0" encoding="UTF-8"?>
<!-- Generated by org.testng.reporters.JUnitReportReporter -->
<testsuite hostname="Aleksandar-PC" failures="0" tests="1" name="lesson2.Login" time="22.259" errors="0" timestamp="2022-11-21T22:51:13 CET" skipped="0">
  <testcase classname="lesson2.Login" name="loginOK" time="22.259"/>
  <system-out/>
</testsuite> <!-- lesson2.Login -->
