<?xml version="1.0" encoding="UTF-8"?>
<!-- Generated by org.testng.reporters.JUnitReportReporter -->
<testsuite hostname="GJORGIJOVSKI-A" failures="0" tests="1" name="testSuite.PdpPomTestScripts" time="8.937" errors="0" timestamp="2023-06-09T10:37:30 CEST" skipped="0">
  <testcase classname="testSuite.PdpPomTestScripts" name="TC_DETAILS_003_ReviewWithLoggedInUser" time="8.937"/>
  <system-out/>
</testsuite> <!-- testSuite.PdpPomTestScripts -->
