<?xml version="1.0" encoding="UTF-8"?>
<!-- Generated by org.testng.reporters.JUnitReportReporter -->
<testsuite hostname="Aleksandar-PC" failures="0" tests="1" name="test.testAce" time="45.410" errors="0" timestamp="2022-12-02T12:14:26 CET" skipped="0">
  <testcase classname="test.testAce" name="Testing" time="45.410"/>
  <system-out/>
</testsuite> <!-- test.testAce -->
