<?xml version="1.0" encoding="UTF-8"?>
<!-- Generated by org.testng.reporters.JUnitReportReporter -->
<testsuite hostname="Aleksandar-PC" failures="0" tests="1" name="iwecAleksandarHomeworkNo6.DynamicTableAlertsFrames" time="20.336" errors="0" timestamp="2022-12-07T22:57:13 CET" skipped="0">
  <testcase classname="iwecAleksandarHomeworkNo6.DynamicTableAlertsFrames" name="nestedFrames" time="20.336"/>
  <system-out/>
</testsuite> <!-- iwecAleksandarHomeworkNo6.DynamicTableAlertsFrames -->
