<?xml version="1.0" encoding="UTF-8"?>
<!-- Generated by org.testng.reporters.JUnitReportReporter -->
<testsuite hostname="Aleksandar-PC" failures="0" tests="1" name="testSuite.SearchPagePomTestScripts" time="26.775" errors="0" timestamp="2022-12-17T13:56:00 CET" skipped="0">
  <testcase classname="testSuite.SearchPagePomTestScripts" name="searchSqlinjection" time="26.775"/>
  <system-out/>
</testsuite> <!-- testSuite.SearchPagePomTestScripts -->
