<?xml version="1.0" encoding="UTF-8"?>
<!-- Generated by org.testng.reporters.JUnitReportReporter -->
<testsuite hostname="DESKTOP-J6CSB15" failures="0" tests="1" name="testSuite.PdpPomTestScripts" time="45.193" errors="0" timestamp="2023-01-08T15:13:22 CET" skipped="0">
  <testcase classname="testSuite.PdpPomTestScripts" name="TC_DETAILS_003_ReviewWithLoggedInUser" time="45.193"/>
  <system-out/>
</testsuite> <!-- testSuite.PdpPomTestScripts -->
