<?xml version="1.0" encoding="UTF-8"?>
<!-- Generated by org.testng.reporters.JUnitReportReporter -->
<testsuite hostname="user-PC" failures="0" tests="1" name="testSuite.LoginPomTestScripts" time="109.986" errors="0" timestamp="2022-12-19T12:28:21 CET" skipped="0">
  <testcase classname="testSuite.LoginPomTestScripts" name="verifyUserIsNotLoggedoutWhenPressingBackNavigationButton" time="109.986"/>
  <system-out/>
</testsuite> <!-- testSuite.LoginPomTestScripts -->
