<?xml version="1.0" encoding="UTF-8"?>
<!-- Generated by org.testng.reporters.JUnitReportReporter -->
<testsuite hostname="DESKTOP-J6CSB15" failures="0" tests="1" name="testSuite.WishlistPomTestScripts" time="21.922" errors="0" timestamp="2023-01-09T11:44:49 CET" skipped="0">
  <testcase classname="testSuite.WishlistPomTestScripts" name="VerifyEuroCurrencyIsWorkingProperly" time="21.922"/>
  <system-out/>
</testsuite> <!-- testSuite.WishlistPomTestScripts -->
