<?xml version="1.0" encoding="UTF-8"?>
<!-- Generated by org.testng.reporters.JUnitReportReporter -->
<testsuite hostname="GJORGIJOVSKI-A" failures="0" tests="1" name="testSuiteServiceDesk.LearningMaterialsTestScriptsSD" time="25.390" errors="0" timestamp="2023-06-17T15:26:11 CEST" skipped="0">
  <testcase classname="testSuiteServiceDesk.LearningMaterialsTestScriptsSD" name="SD_M_001_ValidExpenseRequestBellow500" time="25.390"/>
  <system-out/>
</testsuite> <!-- testSuiteServiceDesk.LearningMaterialsTestScriptsSD -->
