<?xml version="1.0" encoding="UTF-8"?>
<!-- Generated by org.testng.reporters.JUnitReportReporter -->
<testsuite hostname="DESKTOP-J6CSB15" failures="0" tests="1" name="testSuite.SearchPagePomTestScripts" time="20.968" errors="0" timestamp="2023-01-09T11:08:19 CET" skipped="0">
  <testcase classname="testSuite.SearchPagePomTestScripts" name="VerifyUnsuccessfulSearchSuggestionWithTwoCharacters" time="20.968"/>
  <system-out/>
</testsuite> <!-- testSuite.SearchPagePomTestScripts -->
