<?xml version="1.0" encoding="UTF-8"?>
<!-- Generated by org.testng.reporters.JUnitReportReporter -->
<testsuite hostname="Elenas-MacBook-Air.local" failures="0" tests="1" name="testSuite.ShoppingTestScripts" time="10.646" errors="0" timestamp="2023-01-08T22:49:26 CET" skipped="0">
  <testcase classname="testSuite.ShoppingTestScripts" name="VerifyItemQuantityIncreasedIfUserAddsSameItemInCartAgain" time="10.646"/>
  <system-out/>
</testsuite> <!-- testSuite.ShoppingTestScripts -->
