<?xml version="1.0" encoding="UTF-8"?>
<!-- Generated by org.testng.reporters.JUnitReportReporter -->
<testsuite hostname="GJORGIJOVSKI-A" failures="0" tests="1" name="testSuiteServiceDesk.LoginPageTestScripts" time="8.624" errors="0" timestamp="2023-06-09T11:20:29 CEST" skipped="0">
  <testcase classname="testSuiteServiceDesk.LoginPageTestScripts" name="TC_LOGIN_001_NavigateToLoginPage" time="8.624"/>
  <system-out/>
</testsuite> <!-- testSuiteServiceDesk.LoginPageTestScripts -->
