<?xml version="1.0" encoding="UTF-8"?>
<!-- Generated by org.testng.reporters.JUnitReportReporter -->
<testsuite hostname="Aleksandar-PC" failures="0" tests="1" name="testSuite.HomePagePomTestScripts" time="23.262" errors="0" timestamp="2022-12-02T15:42:01 CET" skipped="0">
  <testcase classname="testSuite.HomePagePomTestScripts" name="VerifyVoteByScrollingToElementWithRandomUserGenerated" time="23.262"/>
  <system-out/>
</testsuite> <!-- testSuite.HomePagePomTestScripts -->
