<?xml version="1.0" encoding="UTF-8"?>
<!-- Generated by org.testng.reporters.JUnitReportReporter -->
<testsuite hostname="Aleksandar-PC" failures="0" tests="1" name="testSuite.RegisterPomTestScripts" time="18.356" errors="0" timestamp="2022-12-16T17:06:02 CET" skipped="0">
  <testcase classname="testSuite.RegisterPomTestScripts" name="RegisterNewRandomUser" time="18.356"/>
  <system-out/>
</testsuite> <!-- testSuite.RegisterPomTestScripts -->
