<?xml version="1.0" encoding="UTF-8"?>
<!-- Generated by org.testng.reporters.JUnitReportReporter -->
<testsuite hostname="Aleksandar-PC" failures="0" tests="1" name="testSuite.LoginPomTestScripts" time="68.312" errors="0" timestamp="2022-12-16T16:17:46 CET" skipped="0">
  <testcase classname="testSuite.LoginPomTestScripts" name="TC_LOGIN_001_NavigateToLoginPage" time="68.312"/>
  <system-out/>
</testsuite> <!-- testSuite.LoginPomTestScripts -->
