<?xml version="1.0" encoding="UTF-8"?>
<!-- Generated by org.testng.reporters.JUnitReportReporter -->
<testsuite hostname="DESKTOP-J6CSB15" failures="0" tests="1" name="testSuite.RegisterPomTestScripts" time="15.180" errors="0" timestamp="2023-01-08T14:23:38 CET" skipped="0">
  <testcase classname="testSuite.RegisterPomTestScripts" name="VerifyUnsuccesfulRegisterInvalidEmail" time="15.180"/>
  <system-out/>
</testsuite> <!-- testSuite.RegisterPomTestScripts -->
