<?xml version="1.0" encoding="UTF-8"?>
<!-- Generated by org.testng.reporters.JUnitReportReporter -->
<testsuite hostname="Aleksandar-PC" failures="0" tests="1" name="homeWorkAleksandar3.ShoppingCart" time="35.208" errors="0" timestamp="2022-11-29T09:48:02 CET" skipped="0">
  <testcase classname="homeWorkAleksandar3.ShoppingCart" name="PlpRemoveItems" time="35.208"/>
  <system-out/>
</testsuite> <!-- homeWorkAleksandar3.ShoppingCart -->
