<?xml version="1.0" encoding="UTF-8"?>
<!-- Generated by org.testng.reporters.JUnitReportReporter -->
<testsuite hostname="Aleksandar-PC" failures="0" tests="1" name="testSuite.ShoppingTestScripts" time="75.970" errors="0" timestamp="2022-12-21T14:12:23 CET" skipped="0">
  <testcase classname="testSuite.ShoppingTestScripts" name="TC_CART_022_CheckIfThePriceChangesAccordingTheDiscountSimplified" time="75.970"/>
  <system-out/>
</testsuite> <!-- testSuite.ShoppingTestScripts -->
