<?xml version="1.0" encoding="UTF-8"?>
<!-- Generated by org.testng.reporters.JUnitReportReporter -->
<testsuite hostname="DESKTOP-J6CSB15" failures="0" tests="1" name="testSuite.ShoppingTestScripts" time="25.518" errors="0" timestamp="2023-01-08T22:35:01 CET" skipped="0">
  <testcase classname="testSuite.ShoppingTestScripts" name="VerifyItemQuantityIncreasedIfUserAddsSameItemInCartAgain" time="25.518"/>
  <system-out/>
</testsuite> <!-- testSuite.ShoppingTestScripts -->
