<?xml version="1.0" encoding="UTF-8"?>
<!-- Generated by org.testng.reporters.JUnitReportReporter -->
<testsuite hostname="DESKTOP-J6CSB15" failures="0" tests="1" name="testSuite.CheckoutPagePomTestScripts" time="24.671" errors="0" timestamp="2023-01-09T10:41:14 CET" skipped="0">
  <testcase classname="testSuite.CheckoutPagePomTestScripts" name="TC_CHECKOUT_004_CheckIfErrorMessageIsDisplayedWhenUserEntersInvalidData" time="24.671"/>
  <system-out/>
</testsuite> <!-- testSuite.CheckoutPagePomTestScripts -->
