<?xml version="1.0" encoding="UTF-8"?>
<!-- Generated by org.testng.reporters.JUnitReportReporter -->
<testsuite hostname="Aleksandar-PC" failures="0" tests="1" name="homeWorkAleksandar2.LoginLesson3" time="22.581" errors="0" timestamp="2022-11-25T17:22:45 CET" skipped="0">
  <testcase classname="homeWorkAleksandar2.LoginLesson3" name="loginWithValidCridentials" time="22.581"/>
  <system-out/>
</testsuite> <!-- homeWorkAleksandar2.LoginLesson3 -->
