<?xml version="1.0" encoding="UTF-8"?>
<!-- Generated by org.testng.reporters.JUnitReportReporter -->
<testsuite hostname="Aleksandar-PC" failures="0" tests="1" name="test.dynamicTable" time="21.489" errors="0" timestamp="2022-12-06T11:19:15 CET" skipped="0">
  <testcase classname="test.dynamicTable" name="dynamicTableUi1" time="21.489"/>
  <system-out/>
</testsuite> <!-- test.dynamicTable -->
